Flow report for hpstut
Wed Mar 28 13:26:56 2018
Quartus Prime Version 16.1.0 Build 196 10/24/2016 SJ Standard Edition


---------------------
; Table of Contents ;
---------------------
  1. Legal Notice
  2. Flow Summary
  3. Flow Settings
  4. Flow Non-Default Global Settings
  5. Flow Elapsed Time
  6. Flow OS Summary
  7. Flow Log
  8. Flow Messages
  9. Flow Suppressed Messages



----------------
; Legal Notice ;
----------------
Copyright (C) 2016  Intel Corporation. All rights reserved.
Your use of Intel Corporation's design tools, logic functions 
and other software and tools, and its AMPP partner logic 
functions, and any output files from any of the foregoing 
(including device programming or simulation files), and any 
associated documentation or information are expressly subject 
to the terms and conditions of the Intel Program License 
Subscription Agreement, the Intel Quartus Prime License Agreement,
the Intel MegaCore Function License Agreement, or other 
applicable license agreement, including, without limitation, 
that your use is for the sole purpose of programming logic 
devices manufactured by Intel and sold by Intel or its 
authorized distributors.  Please refer to the applicable 
agreement for further details.



+-----------------------------------------------------------------------------------+
; Flow Summary                                                                      ;
+---------------------------------+-------------------------------------------------+
; Flow Status                     ; Successful - Wed Mar 28 13:26:56 2018           ;
; Quartus Prime Version           ; 16.1.0 Build 196 10/24/2016 SJ Standard Edition ;
; Revision Name                   ; hpstut                                          ;
; Top-level Entity Name           ; hpstut                                          ;
; Family                          ; Cyclone V                                       ;
; Device                          ; 5CSEMA5F31C6                                    ;
; Timing Models                   ; Final                                           ;
; Logic utilization (in ALMs)     ; 300 / 32,070 ( < 1 % )                          ;
; Total registers                 ; 589                                             ;
; Total pins                      ; 130 / 457 ( 28 % )                              ;
; Total virtual pins              ; 0                                               ;
; Total block memory bits         ; 0 / 4,065,280 ( 0 % )                           ;
; Total DSP Blocks                ; 0 / 87 ( 0 % )                                  ;
; Total HSSI RX PCSs              ; 0                                               ;
; Total HSSI PMA RX Deserializers ; 0                                               ;
; Total HSSI TX PCSs              ; 0                                               ;
; Total HSSI PMA TX Serializers   ; 0                                               ;
; Total PLLs                      ; 0 / 6 ( 0 % )                                   ;
; Total DLLs                      ; 1 / 4 ( 25 % )                                  ;
+---------------------------------+-------------------------------------------------+


+-----------------------------------------+
; Flow Settings                           ;
+-------------------+---------------------+
; Option            ; Setting             ;
+-------------------+---------------------+
; Start date & time ; 03/28/2018 13:23:37 ;
; Main task         ; Compilation         ;
; Revision Name     ; hpstut              ;
+-------------------+---------------------+


+------------------------------------------------------------------------------------------------------------------------------------------------------------------------------------------------------+
; Flow Non-Default Global Settings                                                                                                                                                                     ;
+---------------------------------------+---------------------------------------------------------------------------------------------------------------+---------------+-------------+----------------+
; Assignment Name                       ; Value                                                                                                         ; Default Value ; Entity Name ; Section Id     ;
+---------------------------------------+---------------------------------------------------------------------------------------------------------------+---------------+-------------+----------------+
; CLOUD_NOTIFY_GROUP_ID                 ; dse1_hpstut                                                                                                   ; --            ; --          ; --             ;
; COMPILER_SIGNATURE_ID                 ; 163683367267041.152225421720188                                                                               ; --            ; --          ; --             ;
; DSE_SEND_REPORT_PANEL                 ; ^TimeQuest Timing Analyzer/(Slow|Fast)\s.*Model/(Slow|Fast)\s.*Model\s(Setup|Hold|Recovery|Removal)\sSummary$ ; --            ; --          ; --             ;
; DSE_SEND_REPORT_PANEL                 ; Flow Elapsed Time                                                                                             ; --            ; --          ; --             ;
; DSE_SEND_REPORT_PANEL                 ; ^TimeQuest Timing Analyzer/(Slow|Fast)\s.*Model/(Slow|Fast)\s.*Model\sFmax\sSummary$                          ; --            ; --          ; --             ;
; DSE_SEND_REPORT_PANEL                 ; ^TimeQuest Timing Analyzer/Clocks$                                                                            ; --            ; --          ; --             ;
; DSE_SEND_REPORT_PANEL                 ; Fitter/(Resource Section|Place Stage)/Fitter Resource Usage Summary                                           ; --            ; --          ; --             ;
; DSE_SERVER_SEND_REPORTS               ; On                                                                                                            ; --            ; --          ; --             ;
; DSE_SERVER_URL                        ; http://localhost:33915                                                                                        ; --            ; --          ; --             ;
; DSE_WORKER_ID                         ; 0                                                                                                             ; --            ; --          ; --             ;
; ECO_REGENERATE_REPORT                 ; On                                                                                                            ; Off           ; --          ; --             ;
; EDA_OUTPUT_DATA_FORMAT                ; Vhdl                                                                                                          ; --            ; --          ; eda_simulation ;
; EDA_SIMULATION_TOOL                   ; ModelSim-Altera (VHDL)                                                                                        ; <None>        ; --          ; --             ;
; EDA_TIME_SCALE                        ; 1 ps                                                                                                          ; --            ; --          ; eda_simulation ;
; MAX_CORE_JUNCTION_TEMP                ; 85                                                                                                            ; --            ; --          ; --             ;
; MIN_CORE_JUNCTION_TEMP                ; 0                                                                                                             ; --            ; --          ; --             ;
; PARTITION_COLOR                       ; -- (Not supported for targeted family)                                                                        ; --            ; ghrd_top    ; Top            ;
; PARTITION_COLOR                       ; -- (Not supported for targeted family)                                                                        ; --            ; --          ; Top            ;
; PARTITION_FITTER_PRESERVATION_LEVEL   ; -- (Not supported for targeted family)                                                                        ; --            ; ghrd_top    ; Top            ;
; PARTITION_FITTER_PRESERVATION_LEVEL   ; -- (Not supported for targeted family)                                                                        ; --            ; --          ; Top            ;
; PARTITION_NETLIST_TYPE                ; -- (Not supported for targeted family)                                                                        ; --            ; ghrd_top    ; Top            ;
; PARTITION_NETLIST_TYPE                ; -- (Not supported for targeted family)                                                                        ; --            ; --          ; Top            ;
; POWER_BOARD_THERMAL_MODEL             ; None (CONSERVATIVE)                                                                                           ; --            ; --          ; --             ;
; POWER_PRESET_COOLING_SOLUTION         ; 23 MM HEAT SINK WITH 200 LFPM AIRFLOW                                                                         ; --            ; --          ; --             ;
; PROJECT_OUTPUT_DIRECTORY              ; output_files                                                                                                  ; --            ; --          ; --             ;
; USE_DLL_FREQUENCY_FOR_DQS_DELAY_CHAIN ; On                                                                                                            ; Off           ; --          ; --             ;
+---------------------------------------+---------------------------------------------------------------------------------------------------------------+---------------+-------------+----------------+


+-------------------------------------------------------------------------------------------------------------------------------+
; Flow Elapsed Time                                                                                                             ;
+---------------------------+--------------+-------------------------+---------------------+------------------------------------+
; Module Name               ; Elapsed Time ; Average Processors Used ; Peak Virtual Memory ; Total CPU Time (on all processors) ;
+---------------------------+--------------+-------------------------+---------------------+------------------------------------+
; Analysis & Synthesis      ; 00:01:30     ; 1.0                     ; 1244 MB             ; 00:03:10                           ;
; Fitter                    ; 00:01:04     ; 1.1                     ; 2892 MB             ; 00:01:42                           ;
; Assembler                 ; 00:00:08     ; 1.0                     ; 998 MB              ; 00:00:07                           ;
; TimeQuest Timing Analyzer ; 00:00:23     ; 1.1                     ; 1638 MB             ; 00:00:24                           ;
; EDA Netlist Writer        ; 00:00:02     ; 1.0                     ; 1192 MB             ; 00:00:01                           ;
; Total                     ; 00:03:07     ; --                      ; --                  ; 00:05:24                           ;
+---------------------------+--------------+-------------------------+---------------------+------------------------------------+


+-------------------------------------------------------------------------------------------+
; Flow OS Summary                                                                           ;
+---------------------------+------------------+--------------+------------+----------------+
; Module Name               ; Machine Hostname ; OS Name      ; OS Version ; Processor type ;
+---------------------------+------------------+--------------+------------+----------------+
; Analysis & Synthesis      ; bruno-callithrix ; Ubuntu 17.10 ; 17         ; x86_64         ;
; Fitter                    ; bruno-callithrix ; Ubuntu 17.10 ; 17         ; x86_64         ;
; Assembler                 ; bruno-callithrix ; Ubuntu 17.10 ; 17         ; x86_64         ;
; TimeQuest Timing Analyzer ; bruno-callithrix ; Ubuntu 17.10 ; 17         ; x86_64         ;
; EDA Netlist Writer        ; bruno-callithrix ; Ubuntu 17.10 ; 17         ; x86_64         ;
+---------------------------+------------------+--------------+------------+----------------+


------------
; Flow Log ;
------------
quartus_map --read_settings_files=off --write_settings_files=off hpstut -c hpstut
quartus_fit --read_settings_files=off --write_settings_files=off hpstut -c hpstut
quartus_asm --read_settings_files=off --write_settings_files=off hpstut -c hpstut
quartus_sta hpstut -c hpstut
quartus_eda --read_settings_files=off --write_settings_files=off hpstut -c hpstut



